??До??????????20180307
??До??????20180308
000786?20180308????????22.62
000786?20180308?????????23.95
000786?20180308???????5.41
000786?20180307????????22.87
000786?20180307????????22.72
000786?20180307????????-2.03
000626?20180308????????11.06
000626?20180308?????????12.22
000626?20180308???????9.99
000626?20180307????????11.39
000626?20180307????????11.11
000626?20180307????????-2.54
000615?20180308????????9.28
000615?20180308?????????9.93
000615?20180308???????6.32
000615?20180307????????9.58
000615?20180307????????9.34
000615?20180307????????-2.71
002042?20180308????????11.96
002042?20180308?????????12.96
002042?20180308???????8.27
002042?20180307????????12.38
002042?20180307????????11.97
002042?20180307????????-3.31
000404?20180308????????5.71
000404?20180308?????????6.15
000404?20180308???????6.77
000404?20180307????????5.97
000404?20180307????????5.76
000404?20180307????????-2.87
002305?20180308????????3.94
002305?20180308?????????4.2
002305?20180308???????5.79
002305?20180307????????4.06
002305?20180307????????3.97
002305?20180307????????-2.46
002158?20180308????????11.9
002158?20180308?????????12.6
002158?20180308???????5.53
002158?20180307????????12.18
002158?20180307????????11.94
002158?20180307????????-2.05
002282?20180308????????12.5
002282?20180308?????????13.34
002282?20180308???????6.63
002282?20180307????????12.7
002282?20180307????????12.51
002282?20180307????????-2.34
002713?20180308????????25.32
002713?20180308?????????26.9
002713?20180308???????5.95
002713?20180307????????26.09
002713?20180307????????25.39
002713?20180307????????-2.65
